<?xml version="1.0" encoding="UTF-8"?>
<!-- Generated by org.testng.reporters.JUnitReportReporter -->
<testsuite hostname="10780-lap-0200" failures="0" tests="3" name="testNGExamples.Example9" time="0.012" errors="0" timestamp="2023-06-20T15:42:03 IST" skipped="0">
  <testcase classname="testNGExamples.Example9" name="testLogIn" time="0.005"/>
  <system-out/>
  <testcase classname="testNGExamples.Example9" name="testSignIn" time="0.002"/>
  <system-out/>
  <testcase classname="testNGExamples.Example9" name="testLogout" time="0.005"/>
  <system-out/>
</testsuite> <!-- testNGExamples.Example9 -->
