<?xml version="1.0" encoding="UTF-8"?>
<!-- Generated by org.testng.reporters.JUnitReportReporter -->
<testsuite hostname="10780-lap-0200" failures="0" tests="2" name="testNGExamples.BeforeAfterClass" time="0.015" errors="0" timestamp="2023-06-20T16:51:36 IST" skipped="0">
  <testcase classname="testNGExamples.BeforeAfterClass" name="tc1" time="0.013"/>
  <system-out/>
  <testcase classname="testNGExamples.BeforeAfterClass" name="tc2" time="0.002"/>
  <system-out/>
</testsuite> <!-- testNGExamples.BeforeAfterClass -->
