<?xml version="1.0" encoding="UTF-8"?>
<!-- Generated by org.testng.reporters.JUnitReportReporter -->
<testsuite hostname="10780-lap-0200" failures="0" tests="1" name="switching.HandlingConfirmationPopup" time="8.395" errors="0" timestamp="2023-06-22T13:25:48 IST" skipped="0">
  <testcase classname="switching.HandlingConfirmationPopup" name="testAlert" time="8.395"/>
  <system-out/>
</testsuite> <!-- switching.HandlingConfirmationPopup -->
