<?xml version="1.0" encoding="UTF-8"?>
<!-- Generated by org.testng.reporters.JUnitReportReporter -->
<testsuite hostname="10780-lap-0200" failures="0" tests="4" name="testNGExamples.Example4" time="0.029" errors="0" timestamp="2023-06-20T16:18:39 IST" skipped="2">
  <testcase classname="testNGExamples.Example4" name="testCase2" time="0.012"/>
  <system-out/>
  <testcase classname="testNGExamples.Example4" name="testCase3" time="0.017"/>
  <system-out/>
  <testcase classname="testNGExamples.Example4" name="testCase4">
    <skipped/>
  </testcase> <!-- testCase4 -->
  <system-out/>
  <testcase classname="testNGExamples.Example4" name="testCase1">
    <skipped/>
  </testcase> <!-- testCase1 -->
  <system-out/>
</testsuite> <!-- testNGExamples.Example4 -->
