<?xml version="1.0" encoding="UTF-8"?>
<!-- Generated by org.testng.reporters.JUnitReportReporter -->
<testsuite hostname="10780-lap-0200" failures="0" tests="1" name="switching.HandlingWindows" time="13.237" errors="0" timestamp="2023-06-22T14:10:10 IST" skipped="0">
  <testcase classname="switching.HandlingWindows" name="testWindowHandling" time="13.237"/>
  <system-out/>
</testsuite> <!-- switching.HandlingWindows -->
