<?xml version="1.0" encoding="UTF-8"?>
<!-- Generated by org.testng.reporters.JUnitReportReporter -->
<testsuite hostname="10780-lap-0200" failures="0" tests="2" name="testNGExamples.BeforeAfterMethod" time="0.046" errors="0" timestamp="2023-06-20T16:23:32 IST" skipped="0">
  <testcase classname="testNGExamples.BeforeAfterMethod" name="testPMIDeletion" time="0.024"/>
  <system-out/>
  <testcase classname="testNGExamples.BeforeAfterMethod" name="testPMICreation" time="0.022"/>
  <system-out/>
</testsuite> <!-- testNGExamples.BeforeAfterMethod -->
