<?xml version="1.0" encoding="UTF-8"?>
<!-- Generated by org.testng.reporters.JUnitReportReporter -->
<testsuite hostname="10780-lap-0200" failures="0" tests="1" name="switching.HandlingAlert" time="7.818" errors="0" timestamp="2023-06-22T12:28:30 IST" skipped="0">
  <testcase classname="switching.HandlingAlert" name="testAlert" time="7.818"/>
  <system-out/>
</testsuite> <!-- switching.HandlingAlert -->
