<?xml version="1.0" encoding="UTF-8"?>
<!-- Generated by org.testng.reporters.JUnitReportReporter -->
<testsuite hostname="10780-lap-0200" failures="0" tests="3" name="testNGExamples.Example5" time="0.014" errors="0" timestamp="2023-06-20T15:42:03 IST" skipped="1">
  <testcase classname="testNGExamples.Example5" name="testSignIn" time="0.010"/>
  <system-out/>
  <testcase classname="testNGExamples.Example5" name="testLogin" time="0.004"/>
  <system-out/>
  <testcase classname="testNGExamples.Example5" name="testLogout">
    <skipped/>
  </testcase> <!-- testLogout -->
  <system-out/>
</testsuite> <!-- testNGExamples.Example5 -->
