<?xml version="1.0" encoding="UTF-8"?>
<!-- Generated by org.testng.reporters.JUnitReportReporter -->
<testsuite hostname="10780-lap-0200" failures="0" tests="1" name="testNGExamples.Example10" time="0.006" errors="0" timestamp="2023-06-20T16:18:39 IST" skipped="0">
  <testcase classname="testNGExamples.Example10" name="testFB" time="0.006"/>
  <system-out/>
</testsuite> <!-- testNGExamples.Example10 -->
