<?xml version="1.0" encoding="UTF-8"?>
<!-- Generated by org.testng.reporters.JUnitReportReporter -->
<testsuite hostname="10780-lap-0200" failures="0" tests="1" name="testNGExamples.Example1" time="0.009" errors="0" timestamp="2023-06-20T16:18:39 IST" skipped="0">
  <testcase classname="testNGExamples.Example1" name="testcase1" time="0.009"/>
  <system-out/>
</testsuite> <!-- testNGExamples.Example1 -->
