<?xml version="1.0" encoding="UTF-8"?>
<!-- Generated by org.testng.reporters.JUnitReportReporter -->
<testsuite hostname="10780-lap-0200" failures="0" tests="2" name="testNGExamples.BeforeAfterTest" time="0.013" errors="0" timestamp="2023-06-20T16:19:10 IST" skipped="0">
  <testcase classname="testNGExamples.BeforeAfterTest" name="testPMIDeletion" time="0.005"/>
  <system-out/>
  <testcase classname="testNGExamples.BeforeAfterTest" name="testPMICreation" time="0.008"/>
  <system-out/>
</testsuite> <!-- testNGExamples.BeforeAfterTest -->
