<?xml version="1.0" encoding="UTF-8"?>
<!-- Generated by org.testng.reporters.JUnitReportReporter -->
<testsuite hostname="10780-lap-0200" failures="0" tests="2" name="testNGExamples.Example3" time="0.228" errors="0" timestamp="2023-06-20T16:18:39 IST" skipped="0">
  <testcase classname="testNGExamples.Example3" name="tc2" time="0.212"/>
  <system-out/>
  <testcase classname="testNGExamples.Example3" name="tc1" time="0.016"/>
  <system-out/>
</testsuite> <!-- testNGExamples.Example3 -->
