<?xml version="1.0" encoding="UTF-8"?>
<!-- Generated by org.testng.reporters.JUnitReportReporter -->
<testsuite hostname="10780-lap-0200" failures="0" tests="3" name="testNGExamples.Example8" time="2.025" errors="1" timestamp="2023-06-20T15:42:03 IST" skipped="0">
  <testcase classname="testNGExamples.Example8" name="testSignIn" time="0.001"/>
  <system-out/>
  <testcase classname="testNGExamples.Example8" name="testLogin" time="0.002"/>
  <system-out/>
  <testcase classname="testNGExamples.Example8" name="testLogout" time="2.022">
    <error message="Method testNGExamples.Example8.testLogout() didn&#039;t finish within the time-out 2000" type="org.testng.internal.thread.ThreadTimeoutException">
      <![CDATA[org.testng.internal.thread.ThreadTimeoutException: Method testNGExamples.Example8.testLogout() didn't finish within the time-out 2000
at java.base@17.0.5/java.lang.Thread.sleep(Native Method)
at app//testNGExamples.Example8.testLogout(Example8.java:24)
at java.base@17.0.5/jdk.internal.reflect.NativeMethodAccessorImpl.invoke0(Native Method)
at java.base@17.0.5/jdk.internal.reflect.NativeMethodAccessorImpl.invoke(NativeMethodAccessorImpl.java:77)
at java.base@17.0.5/jdk.internal.reflect.DelegatingMethodAccessorImpl.invoke(DelegatingMethodAccessorImpl.java:43)
at java.base@17.0.5/java.lang.reflect.Method.invoke(Method.java:568)
at app//org.testng.internal.invokers.MethodInvocationHelper.invokeMethod(MethodInvocationHelper.java:139)
at app//org.testng.internal.invokers.InvokeMethodRunnable.runOne(InvokeMethodRunnable.java:47)
at app//org.testng.internal.invokers.InvokeMethodRunnable.call(InvokeMethodRunnable.java:76)
at app//org.testng.internal.invokers.InvokeMethodRunnable.call(InvokeMethodRunnable.java:11)
at java.base@17.0.5/java.util.concurrent.FutureTask.run(FutureTask.java:264)
at java.base@17.0.5/java.util.concurrent.ThreadPoolExecutor.runWorker(ThreadPoolExecutor.java:1136)
at java.base@17.0.5/java.util.concurrent.ThreadPoolExecutor$Worker.run(ThreadPoolExecutor.java:635)
at java.base@17.0.5/java.lang.Thread.run(Thread.java:833)
]]>
    </error>
  </testcase> <!-- testLogout -->
  <system-out/>
</testsuite> <!-- testNGExamples.Example8 -->
