<?xml version="1.0" encoding="UTF-8"?>
<!-- Generated by org.testng.reporters.JUnitReportReporter -->
<testsuite hostname="10780-lap-0200" failures="0" tests="2" name="switching.HandlingActiveElement" time="4.477" errors="0" timestamp="2023-06-21T10:50:53 IST" skipped="0">
  <testcase classname="switching.HandlingActiveElement" name="testMouseFocus" time="0.045"/>
  <system-out/>
  <testcase classname="switching.HandlingActiveElement" name="testLoginWithoutIdentifyingElement" time="4.432"/>
  <system-out/>
</testsuite> <!-- switching.HandlingActiveElement -->
