<?xml version="1.0" encoding="UTF-8"?>
<!-- Generated by org.testng.reporters.JUnitReportReporter -->
<testsuite hostname="10780-lap-0200" failures="0" tests="1" name="switching.HandlingFrame" time="10.228" errors="0" timestamp="2023-06-21T13:59:10 IST" skipped="0">
  <testcase classname="switching.HandlingFrame" name="testFrame" time="10.228"/>
  <system-out/>
</testsuite> <!-- switching.HandlingFrame -->
